<?xml version="1.0" encoding="UTF-8"?>
<!-- Generated by org.testng.reporters.JUnitReportReporter -->
<testsuite hostname="IN-komehta-W1" failures="0" tests="2" name="boonSupplyTests.AccountTests" time="40.174" errors="0" timestamp="2019-11-06T20:46:33 IST" skipped="0">
  <testcase classname="boonSupplyTests.AccountTests" name="LoginToBoonSupply" time="18.517"/>
  <testcase classname="boonSupplyTests.AccountTests" name="LoginToBoonSupply" time="21.657"/>
</testsuite> <!-- boonSupplyTests.AccountTests -->
