<?xml version="1.0" encoding="UTF-8"?>
<!-- Generated by org.testng.reporters.JUnitReportReporter -->
<testsuite hostname="IN-komehta-W1" failures="0" tests="9" name="boonSupplyTests.BoonSupplyTests" time="75.055" errors="0" timestamp="2019-10-27T21:48:02 IST" skipped="6">
  <testcase classname="boonSupplyTests.BoonSupplyTests" name="LoginToBoonSupply" time="20.463"/>
  <testcase classname="boonSupplyTests.BoonSupplyTests" name="CreateNewAccount" time="25.714"/>
  <testcase classname="boonSupplyTests.BoonSupplyTests" name="UpdateAccountInformation" time="28.878"/>
  <testcase classname="boonSupplyTests.BoonSupplyTests" name="StartNewFundRaiserWithNewUser">
    <skipped/>
  </testcase> <!-- StartNewFundRaiserWithNewUser -->
  <testcase classname="boonSupplyTests.BoonSupplyTests" name="AddMultipleItemsInCart">
    <skipped/>
  </testcase> <!-- AddMultipleItemsInCart -->
  <testcase classname="boonSupplyTests.BoonSupplyTests" name="CancelMyAccount">
    <skipped/>
  </testcase> <!-- CancelMyAccount -->
  <testcase classname="boonSupplyTests.BoonSupplyTests" name="AddA25DollarItemInCart">
    <skipped/>
  </testcase> <!-- AddA25DollarItemInCart -->
  <testcase classname="boonSupplyTests.BoonSupplyTests" name="SearchAFundraiser">
    <skipped/>
  </testcase> <!-- SearchAFundraiser -->
  <testcase classname="boonSupplyTests.BoonSupplyTests" name="CloseFundRaiser">
    <skipped/>
  </testcase> <!-- CloseFundRaiser -->
</testsuite> <!-- boonSupplyTests.BoonSupplyTests -->
